* 71d0d53 Fusion ultimos 2 commits en 1
* 845c6ee Agregando párrafos lorem
*   30a2a6a Resolviendo problema debido a modificaciones en el ultimo commit
|\  
| * 2a6d734 Vamooo
* | b5aec74 Agregando mas cosas para probar modificaciones en el ultimo commit
|/  
*   0ab3313 primer fusion realizada por mi y concluida satisfactoriamente
|\  
| * 9a71c83 funcionara?
* | af1ad48 Conflicto
* | e09c027 Resolviendo conflicto entre ramas
|\| 
| * 6d0be1b Probando fusion rama secundaria
* | 9328957 Probando fusion manual
* | 9fe80a4 o
* |   15fe035 Merge branch 'js'
|\ \  
| * | 731f442 Creando index.js
* | | 3699e19 Creando archivo css
| |/  
|/|   
* | d3eeb26 Creando archivo index.html
|/  
* 023a186 gg
* 96408ec jeje
* db50e78 fixed
* b00746c cantalooo
* 99d85ee a
* c9c42b4 ojala funcione
* 1c44c0b no me funciona nada
* 4688c83 designo ignorando-ando
* 9b1bf87 Elimine ignorar
* 9645cd1 funcionaa
* 9c8377d A ver si funciona
* 59b206a practicando
* 8c2a7d6 Ignorando archivos .exe
* 97874cc No paramos
* 6786b3d Practicando ignorar
* a40a252 segundo commit
* 5c67a1c Primer commit
